-encoding
UTF-8
-outxml
-source
1.6
-target
1.6
-classpath
/home/adorsys/.m2/repository/antlr/antlr/2.7.6/antlr-2.7.6.jar:/home/adorsys/.m2/repository/aopalliance/aopalliance/1.0/aopalliance-1.0.jar:/home/adorsys/.m2/repository/cglib/cglib-nodep/2.2.2/cglib-nodep-2.2.2.jar:/home/adorsys/.m2/repository/com/caucho/hessian/4.0.7/hessian-4.0.7.jar:/home/adorsys/.m2/repository/com/h2database/h2/1.3.164/h2-1.3.164.jar:/home/adorsys/.m2/repository/com/sun/faces/jsf-api/2.1.2/jsf-api-2.1.2.jar:/home/adorsys/.m2/repository/com/sun/faces/jsf-impl/2.1.2/jsf-impl-2.1.2.jar:/home/adorsys/.m2/repository/commons-codec/commons-codec/1.6/commons-codec-1.6.jar:/home/adorsys/.m2/repository/commons-collections/commons-collections/3.2.1/commons-collections-3.2.1.jar:/home/adorsys/.m2/repository/commons-dbcp/commons-dbcp/1.3/commons-dbcp-1.3.jar:/home/adorsys/.m2/repository/commons-fileupload/commons-fileupload/1.2.2/commons-fileupload-1.2.2.jar:/home/adorsys/.m2/repository/commons-io/commons-io/2.1/commons-io-2.1.jar:/home/adorsys/.m2/repository/commons-pool/commons-pool/1.5.6/commons-pool-1.5.6.jar:/home/adorsys/.m2/repository/dom4j/dom4j/1.6.1/dom4j-1.6.1.jar:/home/adorsys/.m2/repository/javassist/javassist/3.12.0.GA/javassist-3.12.0.GA.jar:/home/adorsys/.m2/repository/javax/el/el-api/2.2/el-api-2.2.jar:/home/adorsys/.m2/repository/javax/servlet/servlet-api/2.5/servlet-api-2.5.jar:/home/adorsys/.m2/repository/javax/transaction/jta/1.1/jta-1.1.jar:/home/adorsys/.m2/repository/javax/validation/validation-api/1.0.0.GA/validation-api-1.0.0.GA.jar:/home/adorsys/.m2/repository/log4j/log4j/1.2.16/log4j-1.2.16.jar:/home/adorsys/.m2/repository/net/sf/flexjson/flexjson/2.1/flexjson-2.1.jar:/home/adorsys/.m2/repository/org/apache/commons/commons-lang3/3.1/commons-lang3-3.1.jar:/home/adorsys/.m2/repository/org/aspectj/aspectjrt/1.7.0.RC1/aspectjrt-1.7.0.RC1.jar:/home/adorsys/.m2/repository/org/aspectj/aspectjweaver/1.7.0.RC1/aspectjweaver-1.7.0.RC1.jar:/home/adorsys/.m2/repository/org/hibernate/hibernate-commons-annotations/3.2.0.Final/hibernate-commons-annotations-3.2.0.Final.jar:/home/adorsys/.m2/repository/org/hibernate/hibernate-core/3.6.9.Final/hibernate-core-3.6.9.Final.jar:/home/adorsys/.m2/repository/org/hibernate/hibernate-entitymanager/3.6.9.Final/hibernate-entitymanager-3.6.9.Final.jar:/home/adorsys/.m2/repository/org/hibernate/hibernate-validator/4.2.0.Final/hibernate-validator-4.2.0.Final.jar:/home/adorsys/.m2/repository/org/hibernate/javax/persistence/hibernate-jpa-2.0-api/1.0.1.Final/hibernate-jpa-2.0-api-1.0.1.Final.jar:/home/adorsys/.m2/repository/org/primefaces/primefaces/3.1.1/primefaces-3.1.1.jar:/home/adorsys/.m2/repository/org/primefaces/themes/south-street/1.0.3/south-street-1.0.3.jar:/home/adorsys/.m2/repository/org/primefaces/themes/start/1.0.4/start-1.0.4.jar:/home/adorsys/.m2/repository/org/slf4j/jcl-over-slf4j/1.6.4/jcl-over-slf4j-1.6.4.jar:/home/adorsys/.m2/repository/org/slf4j/slf4j-api/1.6.4/slf4j-api-1.6.4.jar:/home/adorsys/.m2/repository/org/slf4j/slf4j-log4j12/1.6.4/slf4j-log4j12-1.6.4.jar:/home/adorsys/.m2/repository/org/springframework/spring-aop/3.1.1.RELEASE/spring-aop-3.1.1.RELEASE.jar:/home/adorsys/.m2/repository/org/springframework/spring-asm/3.1.1.RELEASE/spring-asm-3.1.1.RELEASE.jar:/home/adorsys/.m2/repository/org/springframework/spring-aspects/3.1.1.RELEASE/spring-aspects-3.1.1.RELEASE.jar:/home/adorsys/.m2/repository/org/springframework/spring-beans/3.1.1.RELEASE/spring-beans-3.1.1.RELEASE.jar:/home/adorsys/.m2/repository/org/springframework/spring-context/3.1.1.RELEASE/spring-context-3.1.1.RELEASE.jar:/home/adorsys/.m2/repository/org/springframework/spring-context-support/3.1.1.RELEASE/spring-context-support-3.1.1.RELEASE.jar:/home/adorsys/.m2/repository/org/springframework/spring-core/3.1.1.RELEASE/spring-core-3.1.1.RELEASE.jar:/home/adorsys/.m2/repository/org/springframework/spring-expression/3.1.1.RELEASE/spring-expression-3.1.1.RELEASE.jar:/home/adorsys/.m2/repository/org/springframework/spring-jdbc/3.1.1.RELEASE/spring-jdbc-3.1.1.RELEASE.jar:/home/adorsys/.m2/repository/org/springframework/spring-orm/3.1.1.RELEASE/spring-orm-3.1.1.RELEASE.jar:/home/adorsys/.m2/repository/org/springframework/spring-tx/3.1.1.RELEASE/spring-tx-3.1.1.RELEASE.jar:/home/adorsys/.m2/repository/org/springframework/spring-web/3.1.1.RELEASE/spring-web-3.1.1.RELEASE.jar:/home/adorsys/.m2/repository/org/springframework/roo/org.springframework.roo.annotations/1.2.2.RELEASE/org.springframework.roo.annotations-1.2.2.RELEASE.jar:/home/adorsys/newWork/djambo/target/classes
-aspectpath
/home/adorsys/.m2/repository/org/springframework/spring-aspects/3.1.1.RELEASE/spring-aspects-3.1.1.RELEASE.jar
-d
/home/adorsys/newWork/djambo/target/classes
/home/adorsys/newWork/djambo/src/main/java/com/guymoyo/service/SportTypeService_Roo_Service.aj
/home/adorsys/newWork/djambo/src/main/java/com/guymoyo/web/util/LocaleBean.java
/home/adorsys/newWork/djambo/src/main/java/com/guymoyo/web/FrontendBean_Roo_Serializable.aj
/home/adorsys/newWork/djambo/src/main/java/com/guymoyo/service/DepositServiceImpl_Roo_Service.aj
/home/adorsys/newWork/djambo/src/main/java/com/guymoyo/service/DepositService_Roo_Service.aj
/home/adorsys/newWork/djambo/src/main/java/com/guymoyo/domain/Societe_Roo_Configurable.aj
/home/adorsys/newWork/djambo/src/main/java/com/guymoyo/service/LeagueService.java
/home/adorsys/newWork/djambo/src/main/java/com/guymoyo/domain/Societe_Roo_ToString.aj
/home/adorsys/newWork/djambo/src/main/java/com/guymoyo/domain/Event_Roo_Configurable.aj
/home/adorsys/newWork/djambo/src/main/java/com/guymoyo/service/LeagueServiceImpl.java
/home/adorsys/newWork/djambo/src/main/java/com/guymoyo/web/SocieteBean_Roo_Configurable.aj
/home/adorsys/newWork/djambo/src/main/java/com/guymoyo/domain/UserAccount_Roo_JavaBean.aj
/home/adorsys/newWork/djambo/src/main/java/com/guymoyo/web/UserAccountBean.java
/home/adorsys/newWork/djambo/src/main/java/com/guymoyo/service/UserAccountServiceImpl.java
/home/adorsys/newWork/djambo/src/main/java/com/guymoyo/domain/Deposit_Roo_Jpa_Entity.aj
/home/adorsys/newWork/djambo/src/main/java/com/guymoyo/domain/Event_Roo_JavaBean.aj
/home/adorsys/newWork/djambo/src/main/java/com/guymoyo/domain/Rencontre.java
/home/adorsys/newWork/djambo/src/main/java/com/guymoyo/domain/Choix_Roo_Jpa_ActiveRecord.aj
/home/adorsys/newWork/djambo/src/main/java/com/guymoyo/service/SportTypeServiceImpl_Roo_Service.aj
/home/adorsys/newWork/djambo/src/main/java/com/guymoyo/web/EventBean_Roo_Configurable.aj
/home/adorsys/newWork/djambo/src/main/java/com/guymoyo/domain/League_Roo_Jpa_Entity.aj
/home/adorsys/newWork/djambo/src/main/java/com/guymoyo/domain/Etat.java
/home/adorsys/newWork/djambo/src/main/java/com/guymoyo/service/CategoryParisServiceImpl.java
/home/adorsys/newWork/djambo/src/main/java/com/guymoyo/service/EventService_Roo_Service.aj
/home/adorsys/newWork/djambo/src/main/java/com/guymoyo/web/RencontreBean_Roo_Configurable.aj
/home/adorsys/newWork/djambo/src/main/java/com/guymoyo/domain/Panier_Roo_JavaBean.aj
/home/adorsys/newWork/djambo/src/main/java/com/guymoyo/web/converter/RencontreConverter_Roo_Configurable.aj
/home/adorsys/newWork/djambo/src/main/java/com/guymoyo/domain/CategoryParis.java
/home/adorsys/newWork/djambo/src/main/java/com/guymoyo/web/RencontreBean_Roo_Serializable.aj
/home/adorsys/newWork/djambo/src/main/java/com/guymoyo/web/converter/SportTypeConverter_Roo_Converter.aj
/home/adorsys/newWork/djambo/src/main/java/com/guymoyo/web/EventBean_Roo_Serializable.aj
/home/adorsys/newWork/djambo/src/main/java/com/guymoyo/domain/Retrait_Roo_Jpa_Entity.aj
/home/adorsys/newWork/djambo/src/main/java/com/guymoyo/domain/Deposit.java
/home/adorsys/newWork/djambo/src/main/java/com/guymoyo/web/converter/EquipConverter_Roo_Converter.aj
/home/adorsys/newWork/djambo/src/main/java/com/guymoyo/domain/Rencontre_Roo_Jpa_ActiveRecord.aj
/home/adorsys/newWork/djambo/src/main/java/com/guymoyo/domain/Paris.java
/home/adorsys/newWork/djambo/src/main/java/com/guymoyo/service/SocieteServiceImpl_Roo_Service.aj
/home/adorsys/newWork/djambo/src/main/java/com/guymoyo/domain/SportType.java
/home/adorsys/newWork/djambo/src/main/java/com/guymoyo/domain/Choix_Roo_Configurable.aj
/home/adorsys/newWork/djambo/src/main/java/com/guymoyo/web/converter/SocieteConverter_Roo_Configurable.aj
/home/adorsys/newWork/djambo/src/main/java/com/guymoyo/domain/Paris_Roo_JavaBean.aj
/home/adorsys/newWork/djambo/src/main/java/com/guymoyo/service/SportTypeServiceImpl.java
/home/adorsys/newWork/djambo/src/main/java/com/guymoyo/domain/Societe_Roo_Jpa_Entity.aj
/home/adorsys/newWork/djambo/src/main/java/com/guymoyo/domain/Paris_Roo_Jpa_Entity.aj
/home/adorsys/newWork/djambo/src/main/java/com/guymoyo/web/RetraitBean_Roo_Serializable.aj
/home/adorsys/newWork/djambo/src/main/java/com/guymoyo/web/LeagueBean_Roo_ManagedBean.aj
/home/adorsys/newWork/djambo/src/main/java/com/guymoyo/domain/Societe_Roo_JavaBean.aj
/home/adorsys/newWork/djambo/src/main/java/com/guymoyo/service/LeagueServiceImpl_Roo_Service.aj
/home/adorsys/newWork/djambo/src/main/java/com/guymoyo/domain/Retrait_Roo_Jpa_ActiveRecord.aj
/home/adorsys/newWork/djambo/src/main/java/com/guymoyo/web/EquipBean_Roo_Serializable.aj
/home/adorsys/newWork/djambo/src/main/java/com/guymoyo/web/converter/UserAccountConverter_Roo_Configurable.aj
/home/adorsys/newWork/djambo/src/main/java/com/guymoyo/domain/Choix_Roo_Jpa_Entity.aj
/home/adorsys/newWork/djambo/src/main/java/com/guymoyo/web/RencontreBean.java
/home/adorsys/newWork/djambo/src/main/java/com/guymoyo/web/ParisBean_Roo_Configurable.aj
/home/adorsys/newWork/djambo/src/main/java/com/guymoyo/service/ChoixService.java
/home/adorsys/newWork/djambo/src/main/java/com/guymoyo/web/RetraitBean_Roo_ManagedBean.aj
/home/adorsys/newWork/djambo/src/main/java/com/guymoyo/domain/League.java
/home/adorsys/newWork/djambo/src/main/java/com/guymoyo/domain/Choix.java
/home/adorsys/newWork/djambo/src/main/java/com/guymoyo/domain/UserAccount_Roo_Jpa_Entity.aj
/home/adorsys/newWork/djambo/src/main/java/com/guymoyo/service/EventServiceImpl.java
/home/adorsys/newWork/djambo/src/main/java/com/guymoyo/web/converter/ParisConverter_Roo_Configurable.aj
/home/adorsys/newWork/djambo/src/main/java/com/guymoyo/web/converter/LeagueConverter_Roo_Converter.aj
/home/adorsys/newWork/djambo/src/main/java/com/guymoyo/web/SocieteBean_Roo_ManagedBean.aj
/home/adorsys/newWork/djambo/src/main/java/com/guymoyo/web/ChoixBean_Roo_ManagedBean.aj
/home/adorsys/newWork/djambo/src/main/java/com/guymoyo/web/converter/DepositConverter_Roo_Converter.aj
/home/adorsys/newWork/djambo/src/main/java/com/guymoyo/web/SportTypeBean_Roo_Serializable.aj
/home/adorsys/newWork/djambo/src/main/java/com/guymoyo/web/converter/DepositConverter_Roo_Configurable.aj
/home/adorsys/newWork/djambo/src/main/java/com/guymoyo/web/converter/CategoryParisConverter_Roo_Configurable.aj
/home/adorsys/newWork/djambo/src/main/java/com/guymoyo/domain/Panier_Roo_ToString.aj
/home/adorsys/newWork/djambo/src/main/java/com/guymoyo/service/RetraitServiceImpl.java
/home/adorsys/newWork/djambo/src/main/java/com/guymoyo/service/SocieteService_Roo_Service.aj
/home/adorsys/newWork/djambo/src/main/java/com/guymoyo/service/EventServiceImpl_Roo_Service.aj
/home/adorsys/newWork/djambo/src/main/java/com/guymoyo/service/PanierServiceImpl_Roo_Service.aj
/home/adorsys/newWork/djambo/src/main/java/com/guymoyo/web/converter/RencontreConverter_Roo_Converter.aj
/home/adorsys/newWork/djambo/src/main/java/com/guymoyo/domain/Equip_Roo_Jpa_ActiveRecord.aj
/home/adorsys/newWork/djambo/src/main/java/com/guymoyo/service/RencontreService_Roo_Service.aj
/home/adorsys/newWork/djambo/src/main/java/com/guymoyo/domain/Societe_Roo_Jpa_ActiveRecord.aj
/home/adorsys/newWork/djambo/src/main/java/com/guymoyo/web/UserAccountBean_Roo_Serializable.aj
/home/adorsys/newWork/djambo/src/main/java/com/guymoyo/service/EquipService_Roo_Service.aj
/home/adorsys/newWork/djambo/src/main/java/com/guymoyo/domain/CategoryParis_Roo_Configurable.aj
/home/adorsys/newWork/djambo/src/main/java/com/guymoyo/domain/Paris_Roo_Jpa_ActiveRecord.aj
/home/adorsys/newWork/djambo/src/main/java/com/guymoyo/service/UserAccountServiceImpl_Roo_Service.aj
/home/adorsys/newWork/djambo/src/main/java/com/guymoyo/web/ParisBean_Roo_ManagedBean.aj
/home/adorsys/newWork/djambo/src/main/java/com/guymoyo/web/converter/EventConverter.java
/home/adorsys/newWork/djambo/src/main/java/com/guymoyo/web/DepositBean.java
/home/adorsys/newWork/djambo/src/main/java/com/guymoyo/web/converter/EquipConverter.java
/home/adorsys/newWork/djambo/src/main/java/com/guymoyo/web/converter/RencontreConverter.java
/home/adorsys/newWork/djambo/src/main/java/com/guymoyo/service/RencontreServiceImpl.java
/home/adorsys/newWork/djambo/src/main/java/com/guymoyo/service/CategoryParisService.java
/home/adorsys/newWork/djambo/src/main/java/com/guymoyo/web/UserAccountBean_Roo_ManagedBean.aj
/home/adorsys/newWork/djambo/src/main/java/com/guymoyo/domain/League_Roo_Configurable.aj
/home/adorsys/newWork/djambo/src/main/java/com/guymoyo/web/EquipBean.java
/home/adorsys/newWork/djambo/src/main/java/com/guymoyo/service/RetraitServiceImpl_Roo_Service.aj
/home/adorsys/newWork/djambo/src/main/java/com/guymoyo/service/PanierServiceImpl.java
/home/adorsys/newWork/djambo/src/main/java/com/guymoyo/domain/Paris_Roo_Configurable.aj
/home/adorsys/newWork/djambo/src/main/java/com/guymoyo/domain/Event_Roo_Jpa_Entity.aj
/home/adorsys/newWork/djambo/src/main/java/com/guymoyo/web/ApplicationBean_Roo_ApplicationBean.aj
/home/adorsys/newWork/djambo/src/main/java/com/guymoyo/web/DepositBean_Roo_Configurable.aj
/home/adorsys/newWork/djambo/src/main/java/com/guymoyo/service/PanierService_Roo_Service.aj
/home/adorsys/newWork/djambo/src/main/java/com/guymoyo/service/UserAccountService_Roo_Service.aj
/home/adorsys/newWork/djambo/src/main/java/com/guymoyo/web/ParisBean_Roo_Serializable.aj
/home/adorsys/newWork/djambo/src/main/java/com/guymoyo/web/ApplicationBean.java
/home/adorsys/newWork/djambo/src/main/java/com/guymoyo/web/FrontendBean.java
/home/adorsys/newWork/djambo/src/main/java/com/guymoyo/web/converter/PanierConverter.java
/home/adorsys/newWork/djambo/src/main/java/com/guymoyo/service/UserAccountService.java
/home/adorsys/newWork/djambo/src/main/java/com/guymoyo/service/PariseService.java
/home/adorsys/newWork/djambo/src/main/java/com/guymoyo/service/DepositService.java
/home/adorsys/newWork/djambo/src/main/java/com/guymoyo/domain/Panier.java
/home/adorsys/newWork/djambo/src/main/java/com/guymoyo/service/DepositServiceImpl.java
/home/adorsys/newWork/djambo/src/main/java/com/guymoyo/service/RetraitService.java
/home/adorsys/newWork/djambo/src/main/java/com/guymoyo/web/util/ViewExpiredExceptionExceptionHandler.java
/home/adorsys/newWork/djambo/src/main/java/com/guymoyo/domain/Societe.java
/home/adorsys/newWork/djambo/src/main/java/com/guymoyo/domain/Rencontre_Roo_Jpa_Entity.aj
/home/adorsys/newWork/djambo/src/main/java/com/guymoyo/web/DepositBean_Roo_ManagedBean.aj
/home/adorsys/newWork/djambo/src/main/java/com/guymoyo/web/converter/ParisConverter_Roo_Converter.aj
/home/adorsys/newWork/djambo/src/main/java/com/guymoyo/web/CategoryParisBean_Roo_Configurable.aj
/home/adorsys/newWork/djambo/src/main/java/com/guymoyo/web/LeagueBean.java
/home/adorsys/newWork/djambo/src/main/java/com/guymoyo/service/EquipService.java
/home/adorsys/newWork/djambo/src/main/java/com/guymoyo/service/PanierService.java
/home/adorsys/newWork/djambo/src/main/java/com/guymoyo/domain/Deposit_Roo_ToString.aj
/home/adorsys/newWork/djambo/src/main/java/com/guymoyo/web/RencontreBean_Roo_ManagedBean.aj
/home/adorsys/newWork/djambo/src/main/java/com/guymoyo/web/converter/RetraitConverter_Roo_Configurable.aj
/home/adorsys/newWork/djambo/src/main/java/com/guymoyo/domain/Equip.java
/home/adorsys/newWork/djambo/src/main/java/com/guymoyo/service/RencontreServiceImpl_Roo_Service.aj
/home/adorsys/newWork/djambo/src/main/java/com/guymoyo/web/CategoryParisBean_Roo_ManagedBean.aj
/home/adorsys/newWork/djambo/src/main/java/com/guymoyo/web/converter/CategoryParisConverter_Roo_Converter.aj
/home/adorsys/newWork/djambo/src/main/java/com/guymoyo/web/converter/SocieteConverter.java
/home/adorsys/newWork/djambo/src/main/java/com/guymoyo/domain/Paris_Roo_Finder.aj
/home/adorsys/newWork/djambo/src/main/java/com/guymoyo/domain/RoleName.java
/home/adorsys/newWork/djambo/src/main/java/com/guymoyo/web/RetraitBean_Roo_Configurable.aj
/home/adorsys/newWork/djambo/src/main/java/com/guymoyo/web/SportTypeBean_Roo_ManagedBean.aj
/home/adorsys/newWork/djambo/src/main/java/com/guymoyo/web/converter/SocieteConverter_Roo_Converter.aj
/home/adorsys/newWork/djambo/src/main/java/com/guymoyo/web/converter/DepositConverter.java
/home/adorsys/newWork/djambo/src/main/java/com/guymoyo/service/SocieteServiceImpl.java
/home/adorsys/newWork/djambo/src/main/java/com/guymoyo/domain/League_Roo_JavaBean.aj
/home/adorsys/newWork/djambo/src/main/java/com/guymoyo/domain/CategoryParis_Roo_JavaBean.aj
/home/adorsys/newWork/djambo/src/main/java/com/guymoyo/domain/Retrait.java
/home/adorsys/newWork/djambo/src/main/java/com/guymoyo/domain/Event.java
/home/adorsys/newWork/djambo/src/main/java/com/guymoyo/service/CategoryParisService_Roo_Service.aj
/home/adorsys/newWork/djambo/src/main/java/com/guymoyo/service/SocieteService.java
/home/adorsys/newWork/djambo/src/main/java/com/guymoyo/web/PanierBean.java
/home/adorsys/newWork/djambo/src/main/java/com/guymoyo/domain/Deposit_Roo_Jpa_ActiveRecord.aj
/home/adorsys/newWork/djambo/src/main/java/com/guymoyo/web/converter/SportTypeConverter_Roo_Configurable.aj
/home/adorsys/newWork/djambo/src/main/java/com/guymoyo/domain/UserAccount.java
/home/adorsys/newWork/djambo/src/main/java/com/guymoyo/domain/Retrait_Roo_JavaBean.aj
/home/adorsys/newWork/djambo/src/main/java/com/guymoyo/web/LeagueBean_Roo_Serializable.aj
/home/adorsys/newWork/djambo/src/main/java/com/guymoyo/web/converter/EquipConverter_Roo_Configurable.aj
/home/adorsys/newWork/djambo/src/main/java/com/guymoyo/web/converter/EventConverter_Roo_Converter.aj
/home/adorsys/newWork/djambo/src/main/java/com/guymoyo/service/PariseServiceImpl_Roo_Service.aj
/home/adorsys/newWork/djambo/src/main/java/com/guymoyo/domain/Rencontre_Roo_Configurable.aj
/home/adorsys/newWork/djambo/src/main/java/com/guymoyo/web/CategoryParisBean.java
/home/adorsys/newWork/djambo/src/main/java/com/guymoyo/web/EquipBean_Roo_Configurable.aj
/home/adorsys/newWork/djambo/src/main/java/com/guymoyo/service/SportTypeService.java
/home/adorsys/newWork/djambo/src/main/java/com/guymoyo/service/EquipServiceImpl.java
/home/adorsys/newWork/djambo/src/main/java/com/guymoyo/service/ChoixService_Roo_Service.aj
/home/adorsys/newWork/djambo/src/main/java/com/guymoyo/web/PanierBean_Roo_Configurable.aj
/home/adorsys/newWork/djambo/src/main/java/com/guymoyo/service/RetraitService_Roo_Service.aj
/home/adorsys/newWork/djambo/src/main/java/com/guymoyo/web/converter/ChoixConverter.java
/home/adorsys/newWork/djambo/src/main/java/com/guymoyo/domain/Choix_Roo_JavaBean.aj
/home/adorsys/newWork/djambo/src/main/java/com/guymoyo/domain/Deposit_Roo_JavaBean.aj
/home/adorsys/newWork/djambo/src/main/java/com/guymoyo/service/ChoixServiceImpl_Roo_Service.aj
/home/adorsys/newWork/djambo/src/main/java/com/guymoyo/web/ChoixBean_Roo_Configurable.aj
/home/adorsys/newWork/djambo/src/main/java/com/guymoyo/web/util/ViewExpiredExceptionExceptionHandlerFactory.java
/home/adorsys/newWork/djambo/src/main/java/com/guymoyo/domain/CategoryParis_Roo_Jpa_Entity.aj
/home/adorsys/newWork/djambo/src/main/java/com/guymoyo/web/EventBean_Roo_ManagedBean.aj
/home/adorsys/newWork/djambo/src/main/java/com/guymoyo/web/converter/LeagueConverter_Roo_Configurable.aj
/home/adorsys/newWork/djambo/src/main/java/com/guymoyo/domain/UserAccount_Roo_Configurable.aj
/home/adorsys/newWork/djambo/src/main/java/com/guymoyo/web/ApplicationBean_Roo_Configurable.aj
/home/adorsys/newWork/djambo/src/main/java/com/guymoyo/service/PariseServiceImpl.java
/home/adorsys/newWork/djambo/src/main/java/com/guymoyo/web/DepositBean_Roo_Serializable.aj
/home/adorsys/newWork/djambo/src/main/java/com/guymoyo/web/converter/CategoryParisConverter.java
/home/adorsys/newWork/djambo/src/main/java/com/guymoyo/web/converter/UserAccountConverter_Roo_Converter.aj
/home/adorsys/newWork/djambo/src/main/java/com/guymoyo/web/converter/PanierConverter_Roo_Converter.aj
/home/adorsys/newWork/djambo/src/main/java/com/guymoyo/web/SocieteBean_Roo_Serializable.aj
/home/adorsys/newWork/djambo/src/main/java/com/guymoyo/domain/League_Roo_Jpa_ActiveRecord.aj
/home/adorsys/newWork/djambo/src/main/java/com/guymoyo/web/converter/ParisConverter.java
/home/adorsys/newWork/djambo/src/main/java/com/guymoyo/domain/UserAccount_Roo_Jpa_ActiveRecord.aj
/home/adorsys/newWork/djambo/src/main/java/com/guymoyo/web/converter/RetraitConverter.java
/home/adorsys/newWork/djambo/src/main/java/com/guymoyo/domain/Deposit_Roo_Configurable.aj
/home/adorsys/newWork/djambo/src/main/java/com/guymoyo/web/converter/UserAccountConverter.java
/home/adorsys/newWork/djambo/src/main/java/com/guymoyo/domain/CategoryParis_Roo_Jpa_ActiveRecord.aj
/home/adorsys/newWork/djambo/src/main/java/com/guymoyo/web/SocieteBean.java
/home/adorsys/newWork/djambo/src/main/java/com/guymoyo/web/converter/RetraitConverter_Roo_Converter.aj
/home/adorsys/newWork/djambo/src/main/java/com/guymoyo/service/EquipServiceImpl_Roo_Service.aj
/home/adorsys/newWork/djambo/src/main/java/com/guymoyo/web/ChoixBean_Roo_Serializable.aj
/home/adorsys/newWork/djambo/src/main/java/com/guymoyo/service/RencontreService.java
/home/adorsys/newWork/djambo/src/main/java/com/guymoyo/domain/Panier_Roo_Jpa_ActiveRecord.aj
/home/adorsys/newWork/djambo/src/main/java/com/guymoyo/web/LeagueBean_Roo_Configurable.aj
/home/adorsys/newWork/djambo/src/main/java/com/guymoyo/web/converter/PanierConverter_Roo_Configurable.aj
/home/adorsys/newWork/djambo/src/main/java/com/guymoyo/domain/Event_Roo_Jpa_ActiveRecord.aj
/home/adorsys/newWork/djambo/src/main/java/com/guymoyo/service/PariseService_Roo_Service.aj
/home/adorsys/newWork/djambo/src/main/java/com/guymoyo/domain/Retrait_Roo_Configurable.aj
/home/adorsys/newWork/djambo/src/main/java/com/guymoyo/web/EventBean.java
/home/adorsys/newWork/djambo/src/main/java/com/guymoyo/web/PanierBean_Roo_Serializable.aj
/home/adorsys/newWork/djambo/src/main/java/com/guymoyo/domain/Equip_Roo_JavaBean.aj
/home/adorsys/newWork/djambo/src/main/java/com/guymoyo/web/RetraitBean.java
/home/adorsys/newWork/djambo/src/main/java/com/guymoyo/web/converter/ChoixConverter_Roo_Configurable.aj
/home/adorsys/newWork/djambo/src/main/java/com/guymoyo/web/converter/LeagueConverter.java
/home/adorsys/newWork/djambo/src/main/java/com/guymoyo/web/EquipBean_Roo_ManagedBean.aj
/home/adorsys/newWork/djambo/src/main/java/com/guymoyo/domain/Rencontre_Roo_JavaBean.aj
/home/adorsys/newWork/djambo/src/main/java/com/guymoyo/web/CategoryParisBean_Roo_Serializable.aj
/home/adorsys/newWork/djambo/src/main/java/com/guymoyo/web/SportTypeBean.java
/home/adorsys/newWork/djambo/src/main/java/com/guymoyo/domain/Panier_Roo_Jpa_Entity.aj
/home/adorsys/newWork/djambo/src/main/java/com/guymoyo/domain/SportType_Roo_Configurable.aj
/home/adorsys/newWork/djambo/src/main/java/com/guymoyo/domain/Gender.java
/home/adorsys/newWork/djambo/src/main/java/com/guymoyo/domain/Equip_Roo_Configurable.aj
/home/adorsys/newWork/djambo/src/main/java/com/guymoyo/service/ChoixServiceImpl.java
/home/adorsys/newWork/djambo/src/main/java/com/guymoyo/domain/SportType_Roo_JavaBean.aj
/home/adorsys/newWork/djambo/src/main/java/com/guymoyo/web/converter/EventConverter_Roo_Configurable.aj
/home/adorsys/newWork/djambo/src/main/java/com/guymoyo/web/converter/ChoixConverter_Roo_Converter.aj
/home/adorsys/newWork/djambo/src/main/java/com/guymoyo/service/EventService.java
/home/adorsys/newWork/djambo/src/main/java/com/guymoyo/service/LeagueService_Roo_Service.aj
/home/adorsys/newWork/djambo/src/main/java/com/guymoyo/web/converter/SportTypeConverter.java
/home/adorsys/newWork/djambo/src/main/java/com/guymoyo/service/CategoryParisServiceImpl_Roo_Service.aj
/home/adorsys/newWork/djambo/src/main/java/com/guymoyo/web/ParisBean.java
/home/adorsys/newWork/djambo/src/main/java/com/guymoyo/web/SportTypeBean_Roo_Configurable.aj
/home/adorsys/newWork/djambo/src/main/java/com/guymoyo/web/ChoixBean.java
/home/adorsys/newWork/djambo/src/main/java/com/guymoyo/domain/Retrait_Roo_ToString.aj
/home/adorsys/newWork/djambo/src/main/java/com/guymoyo/domain/SportType_Roo_Jpa_Entity.aj
/home/adorsys/newWork/djambo/src/main/java/com/guymoyo/domain/SportType_Roo_Jpa_ActiveRecord.aj
/home/adorsys/newWork/djambo/src/main/java/com/guymoyo/domain/Panier_Roo_Configurable.aj
/home/adorsys/newWork/djambo/src/main/java/com/guymoyo/domain/Equip_Roo_Jpa_Entity.aj
/home/adorsys/newWork/djambo/src/main/java/com/guymoyo/web/UserAccountBean_Roo_Configurable.aj
